<?xml version="1.0" encoding="UTF-8"?>
<!-- Generated by org.testng.reporters.JUnitReportReporter -->
<testsuite hostname="DESKTOP-AO4J0AB" failures="0" tests="5" name="runner.TestRunner" time="366.529" errors="0" timestamp="2023-04-06T23:42:34 IST" skipped="0">
  <testcase classname="runner.TestRunner" name="runScenario" time="73.168"/>
  <system-out/>
  <testcase classname="runner.TestRunner" name="runScenario" time="73.526"/>
  <system-out/>
  <testcase classname="runner.TestRunner" name="runScenario" time="73.334"/>
  <system-out/>
  <testcase classname="runner.TestRunner" name="runScenario" time="73.378"/>
  <system-out/>
  <testcase classname="runner.TestRunner" name="runScenario" time="73.123"/>
  <system-out/>
</testsuite> <!-- runner.TestRunner -->
